2024-10-31 22:29:47.066 [info] Extension host with pid 4798 started
2024-10-31 22:29:47.066 [info] Skipping acquiring lock for /home/link-eye/git/MiniOB_ky/~/.vscode-root/User/workspaceStorage/92b93d2e16687a5084ff1413d11d4f66.
2024-10-31 22:29:47.093 [info] ExtensionService#_doActivateExtension vscode.git-base, startup: true, activationEvent: '*'
2024-10-31 22:29:47.112 [info] ExtensionService#_doActivateExtension vscode.github, startup: true, activationEvent: '*'
2024-10-31 22:29:47.164 [info] Eager extensions activated
2024-10-31 22:29:47.185 [info] ExtensionService#_doActivateExtension vscode.debug-auto-launch, startup: false, activationEvent: 'onStartupFinished'
2024-10-31 22:29:47.188 [info] ExtensionService#_doActivateExtension vscode.merge-conflict, startup: false, activationEvent: 'onStartupFinished'
2024-10-31 22:29:51.643 [info] ExtensionService#_doActivateExtension vscode.git, startup: false, activationEvent: 'api', root cause: vscode.github
2024-10-31 22:29:51.879 [info] ExtensionService#_doActivateExtension vscode.emmet, startup: false, activationEvent: 'onLanguage'
2024-10-31 22:29:52.213 [info] ExtensionService#_doActivateExtension vscode.github-authentication, startup: false, activationEvent: 'onAuthenticationRequest:github'
2024-10-31 22:30:12.654 [info] ExtensionService#_doActivateExtension vscode.npm, startup: false, activationEvent: 'onTerminalQuickFixRequest:ms-vscode.npm-command'
2024-10-31 22:43:01.261 [info] Extension host terminating: renderer closed the MessagePort
2024-10-31 22:43:01.278 [error] Canceled: Canceled
	at new eA (file:///usr/share/code/resources/app/out/vs/workbench/api/node/extensionHostProcess.js:31:109321)
	at Zb.U (file:///usr/share/code/resources/app/out/vs/workbench/api/node/extensionHostProcess.js:31:113933)
	at s.<computed>.n.charCodeAt.s.<computed> (file:///usr/share/code/resources/app/out/vs/workbench/api/node/extensionHostProcess.js:31:111427)
	at T0.g (file:///usr/share/code/resources/app/out/vs/workbench/api/node/extensionHostProcess.js:114:32325)
	at T0.executeCommand (file:///usr/share/code/resources/app/out/vs/workbench/api/node/extensionHostProcess.js:114:31826)
	at r.registerCommand.description (file:///usr/share/code/resources/app/out/vs/workbench/api/node/extensionHostProcess.js:114:31156)
	at T0.h (file:///usr/share/code/resources/app/out/vs/workbench/api/node/extensionHostProcess.js:114:32845)
	at T0.g (file:///usr/share/code/resources/app/out/vs/workbench/api/node/extensionHostProcess.js:114:31919)
	at T0.executeCommand (file:///usr/share/code/resources/app/out/vs/workbench/api/node/extensionHostProcess.js:114:31826)
	at Object.executeCommand (file:///usr/share/code/resources/app/out/vs/workbench/api/node/extensionHostProcess.js:156:37049)
	at gh.O [as value] (/usr/share/code/resources/app/extensions/git/dist/main.js:2:953034)
	at T.B (file:///usr/share/code/resources/app/out/vs/workbench/api/node/extensionHostProcess.js:29:732)
	at T.C (file:///usr/share/code/resources/app/out/vs/workbench/api/node/extensionHostProcess.js:29:802)
	at T.fire (file:///usr/share/code/resources/app/out/vs/workbench/api/node/extensionHostProcess.js:29:1019)
	at Object.p [as dispose] (/usr/share/code/resources/app/extensions/git/dist/main.js:2:973612)
	at /usr/share/code/resources/app/extensions/git/dist/main.js:2:979734
	at Array.forEach (<anonymous>)
	at f.dispose (/usr/share/code/resources/app/extensions/git/dist/main.js:2:979720)
	at D1.<anonymous> (file:///usr/share/code/resources/app/out/vs/workbench/api/node/extensionHostProcess.js:108:19996)
	at D1.dispose (file:///usr/share/code/resources/app/out/vs/workbench/api/node/extensionHostProcess.js:108:20092)
	at D1.<anonymous> (/usr/share/code/resources/app/extensions/git/dist/main.js:2:955332)
	at D1.dispose (file:///usr/share/code/resources/app/out/vs/workbench/api/node/extensionHostProcess.js:108:20092)
	at Si (file:///usr/share/code/resources/app/out/vs/workbench/api/node/extensionHostProcess.js:24:701)
	at file:///usr/share/code/resources/app/out/vs/workbench/api/node/extensionHostProcess.js:118:14995
	at file:///usr/share/code/resources/app/out/vs/workbench/api/node/extensionHostProcess.js:24:1011
	at Object.dispose (file:///usr/share/code/resources/app/out/vs/workbench/api/node/extensionHostProcess.js:7:2146)
	at hB.eb (file:///usr/share/code/resources/app/out/vs/workbench/api/node/extensionHostProcess.js:118:11922)
	at file:///usr/share/code/resources/app/out/vs/workbench/api/node/extensionHostProcess.js:118:9877
	at Array.map (<anonymous>)
	at hB.$ (file:///usr/share/code/resources/app/out/vs/workbench/api/node/extensionHostProcess.js:118:9865)
	at hB.terminate (file:///usr/share/code/resources/app/out/vs/workbench/api/node/extensionHostProcess.js:118:10108)
	at M3.terminate (file:///usr/share/code/resources/app/out/vs/workbench/api/node/extensionHostProcess.js:119:1424)
	at ps (file:///usr/share/code/resources/app/out/vs/workbench/api/node/extensionHostProcess.js:174:15058)
	at MessagePortMain.<anonymous> (file:///usr/share/code/resources/app/out/vs/workbench/api/node/extensionHostProcess.js:174:11603)
	at MessagePortMain.emit (node:events:519:28)
	at MessagePortMain._internalPort.emit (node:electron/js2c/utility_init:2:2619) setContext undefined
2024-10-31 22:43:01.278 [error] Canceled: Canceled
	at new eA (file:///usr/share/code/resources/app/out/vs/workbench/api/node/extensionHostProcess.js:31:109321)
	at Zb.U (file:///usr/share/code/resources/app/out/vs/workbench/api/node/extensionHostProcess.js:31:113933)
	at s.<computed>.n.charCodeAt.s.<computed> (file:///usr/share/code/resources/app/out/vs/workbench/api/node/extensionHostProcess.js:31:111427)
	at T0.g (file:///usr/share/code/resources/app/out/vs/workbench/api/node/extensionHostProcess.js:114:32325)
	at T0.executeCommand (file:///usr/share/code/resources/app/out/vs/workbench/api/node/extensionHostProcess.js:114:31826)
	at r.registerCommand.description (file:///usr/share/code/resources/app/out/vs/workbench/api/node/extensionHostProcess.js:114:31156)
	at T0.h (file:///usr/share/code/resources/app/out/vs/workbench/api/node/extensionHostProcess.js:114:32845)
	at T0.g (file:///usr/share/code/resources/app/out/vs/workbench/api/node/extensionHostProcess.js:114:31919)
	at T0.executeCommand (file:///usr/share/code/resources/app/out/vs/workbench/api/node/extensionHostProcess.js:114:31826)
	at Object.executeCommand (file:///usr/share/code/resources/app/out/vs/workbench/api/node/extensionHostProcess.js:156:37049)
	at gh.O [as value] (/usr/share/code/resources/app/extensions/git/dist/main.js:2:953034)
	at T.B (file:///usr/share/code/resources/app/out/vs/workbench/api/node/extensionHostProcess.js:29:732)
	at T.C (file:///usr/share/code/resources/app/out/vs/workbench/api/node/extensionHostProcess.js:29:802)
	at T.fire (file:///usr/share/code/resources/app/out/vs/workbench/api/node/extensionHostProcess.js:29:1019)
	at Object.p [as dispose] (/usr/share/code/resources/app/extensions/git/dist/main.js:2:973612)
	at /usr/share/code/resources/app/extensions/git/dist/main.js:2:979734
	at Array.forEach (<anonymous>)
	at f.dispose (/usr/share/code/resources/app/extensions/git/dist/main.js:2:979720)
	at D1.<anonymous> (file:///usr/share/code/resources/app/out/vs/workbench/api/node/extensionHostProcess.js:108:19996)
	at D1.dispose (file:///usr/share/code/resources/app/out/vs/workbench/api/node/extensionHostProcess.js:108:20092)
	at D1.<anonymous> (/usr/share/code/resources/app/extensions/git/dist/main.js:2:955332)
	at D1.dispose (file:///usr/share/code/resources/app/out/vs/workbench/api/node/extensionHostProcess.js:108:20092)
	at Si (file:///usr/share/code/resources/app/out/vs/workbench/api/node/extensionHostProcess.js:24:701)
	at file:///usr/share/code/resources/app/out/vs/workbench/api/node/extensionHostProcess.js:118:14995
	at file:///usr/share/code/resources/app/out/vs/workbench/api/node/extensionHostProcess.js:24:1011
	at Object.dispose (file:///usr/share/code/resources/app/out/vs/workbench/api/node/extensionHostProcess.js:7:2146)
	at hB.eb (file:///usr/share/code/resources/app/out/vs/workbench/api/node/extensionHostProcess.js:118:11922)
	at file:///usr/share/code/resources/app/out/vs/workbench/api/node/extensionHostProcess.js:118:9877
	at Array.map (<anonymous>)
	at hB.$ (file:///usr/share/code/resources/app/out/vs/workbench/api/node/extensionHostProcess.js:118:9865)
	at hB.terminate (file:///usr/share/code/resources/app/out/vs/workbench/api/node/extensionHostProcess.js:118:10108)
	at M3.terminate (file:///usr/share/code/resources/app/out/vs/workbench/api/node/extensionHostProcess.js:119:1424)
	at ps (file:///usr/share/code/resources/app/out/vs/workbench/api/node/extensionHostProcess.js:174:15058)
	at MessagePortMain.<anonymous> (file:///usr/share/code/resources/app/out/vs/workbench/api/node/extensionHostProcess.js:174:11603)
	at MessagePortMain.emit (node:events:519:28)
	at MessagePortMain._internalPort.emit (node:electron/js2c/utility_init:2:2619) setContext undefined
2024-10-31 22:43:01.278 [error] Canceled: Canceled
	at new eA (file:///usr/share/code/resources/app/out/vs/workbench/api/node/extensionHostProcess.js:31:109321)
	at Zb.U (file:///usr/share/code/resources/app/out/vs/workbench/api/node/extensionHostProcess.js:31:113933)
	at s.<computed>.n.charCodeAt.s.<computed> (file:///usr/share/code/resources/app/out/vs/workbench/api/node/extensionHostProcess.js:31:111427)
	at T0.g (file:///usr/share/code/resources/app/out/vs/workbench/api/node/extensionHostProcess.js:114:32325)
	at T0.executeCommand (file:///usr/share/code/resources/app/out/vs/workbench/api/node/extensionHostProcess.js:114:31826)
	at r.registerCommand.description (file:///usr/share/code/resources/app/out/vs/workbench/api/node/extensionHostProcess.js:114:31156)
	at T0.h (file:///usr/share/code/resources/app/out/vs/workbench/api/node/extensionHostProcess.js:114:32845)
	at T0.g (file:///usr/share/code/resources/app/out/vs/workbench/api/node/extensionHostProcess.js:114:31919)
	at T0.executeCommand (file:///usr/share/code/resources/app/out/vs/workbench/api/node/extensionHostProcess.js:114:31826)
	at Object.executeCommand (file:///usr/share/code/resources/app/out/vs/workbench/api/node/extensionHostProcess.js:156:37049)
	at gh.O [as value] (/usr/share/code/resources/app/extensions/git/dist/main.js:2:953034)
	at T.B (file:///usr/share/code/resources/app/out/vs/workbench/api/node/extensionHostProcess.js:29:732)
	at T.C (file:///usr/share/code/resources/app/out/vs/workbench/api/node/extensionHostProcess.js:29:802)
	at T.fire (file:///usr/share/code/resources/app/out/vs/workbench/api/node/extensionHostProcess.js:29:1019)
	at Object.p [as dispose] (/usr/share/code/resources/app/extensions/git/dist/main.js:2:973612)
	at /usr/share/code/resources/app/extensions/git/dist/main.js:2:979734
	at Array.forEach (<anonymous>)
	at f.dispose (/usr/share/code/resources/app/extensions/git/dist/main.js:2:979720)
	at D1.<anonymous> (file:///usr/share/code/resources/app/out/vs/workbench/api/node/extensionHostProcess.js:108:19996)
	at D1.dispose (file:///usr/share/code/resources/app/out/vs/workbench/api/node/extensionHostProcess.js:108:20092)
	at D1.<anonymous> (/usr/share/code/resources/app/extensions/git/dist/main.js:2:955332)
	at D1.dispose (file:///usr/share/code/resources/app/out/vs/workbench/api/node/extensionHostProcess.js:108:20092)
	at Si (file:///usr/share/code/resources/app/out/vs/workbench/api/node/extensionHostProcess.js:24:701)
	at file:///usr/share/code/resources/app/out/vs/workbench/api/node/extensionHostProcess.js:118:14995
	at file:///usr/share/code/resources/app/out/vs/workbench/api/node/extensionHostProcess.js:24:1011
	at Object.dispose (file:///usr/share/code/resources/app/out/vs/workbench/api/node/extensionHostProcess.js:7:2146)
	at hB.eb (file:///usr/share/code/resources/app/out/vs/workbench/api/node/extensionHostProcess.js:118:11922)
	at file:///usr/share/code/resources/app/out/vs/workbench/api/node/extensionHostProcess.js:118:9877
	at Array.map (<anonymous>)
	at hB.$ (file:///usr/share/code/resources/app/out/vs/workbench/api/node/extensionHostProcess.js:118:9865)
	at hB.terminate (file:///usr/share/code/resources/app/out/vs/workbench/api/node/extensionHostProcess.js:118:10108)
	at M3.terminate (file:///usr/share/code/resources/app/out/vs/workbench/api/node/extensionHostProcess.js:119:1424)
	at ps (file:///usr/share/code/resources/app/out/vs/workbench/api/node/extensionHostProcess.js:174:15058)
	at MessagePortMain.<anonymous> (file:///usr/share/code/resources/app/out/vs/workbench/api/node/extensionHostProcess.js:174:11603)
	at MessagePortMain.emit (node:events:519:28)
	at MessagePortMain._internalPort.emit (node:electron/js2c/utility_init:2:2619) setContext undefined
2024-10-31 22:43:01.278 [error] Canceled: Canceled
	at new eA (file:///usr/share/code/resources/app/out/vs/workbench/api/node/extensionHostProcess.js:31:109321)
	at Zb.U (file:///usr/share/code/resources/app/out/vs/workbench/api/node/extensionHostProcess.js:31:113933)
	at s.<computed>.n.charCodeAt.s.<computed> (file:///usr/share/code/resources/app/out/vs/workbench/api/node/extensionHostProcess.js:31:111427)
	at T0.g (file:///usr/share/code/resources/app/out/vs/workbench/api/node/extensionHostProcess.js:114:32325)
	at T0.executeCommand (file:///usr/share/code/resources/app/out/vs/workbench/api/node/extensionHostProcess.js:114:31826)
	at r.registerCommand.description (file:///usr/share/code/resources/app/out/vs/workbench/api/node/extensionHostProcess.js:114:31156)
	at T0.h (file:///usr/share/code/resources/app/out/vs/workbench/api/node/extensionHostProcess.js:114:32845)
	at T0.g (file:///usr/share/code/resources/app/out/vs/workbench/api/node/extensionHostProcess.js:114:31919)
	at T0.executeCommand (file:///usr/share/code/resources/app/out/vs/workbench/api/node/extensionHostProcess.js:114:31826)
	at Object.executeCommand (file:///usr/share/code/resources/app/out/vs/workbench/api/node/extensionHostProcess.js:156:37049)
	at gh.O [as value] (/usr/share/code/resources/app/extensions/git/dist/main.js:2:953034)
	at T.B (file:///usr/share/code/resources/app/out/vs/workbench/api/node/extensionHostProcess.js:29:732)
	at T.C (file:///usr/share/code/resources/app/out/vs/workbench/api/node/extensionHostProcess.js:29:802)
	at T.fire (file:///usr/share/code/resources/app/out/vs/workbench/api/node/extensionHostProcess.js:29:1019)
	at Object.p [as dispose] (/usr/share/code/resources/app/extensions/git/dist/main.js:2:973612)
	at /usr/share/code/resources/app/extensions/git/dist/main.js:2:979734
	at Array.forEach (<anonymous>)
	at f.dispose (/usr/share/code/resources/app/extensions/git/dist/main.js:2:979720)
	at D1.<anonymous> (file:///usr/share/code/resources/app/out/vs/workbench/api/node/extensionHostProcess.js:108:19996)
	at D1.dispose (file:///usr/share/code/resources/app/out/vs/workbench/api/node/extensionHostProcess.js:108:20092)
	at D1.<anonymous> (/usr/share/code/resources/app/extensions/git/dist/main.js:2:955332)
	at D1.dispose (file:///usr/share/code/resources/app/out/vs/workbench/api/node/extensionHostProcess.js:108:20092)
	at Si (file:///usr/share/code/resources/app/out/vs/workbench/api/node/extensionHostProcess.js:24:701)
	at file:///usr/share/code/resources/app/out/vs/workbench/api/node/extensionHostProcess.js:118:14995
	at file:///usr/share/code/resources/app/out/vs/workbench/api/node/extensionHostProcess.js:24:1011
	at Object.dispose (file:///usr/share/code/resources/app/out/vs/workbench/api/node/extensionHostProcess.js:7:2146)
	at hB.eb (file:///usr/share/code/resources/app/out/vs/workbench/api/node/extensionHostProcess.js:118:11922)
	at file:///usr/share/code/resources/app/out/vs/workbench/api/node/extensionHostProcess.js:118:9877
	at Array.map (<anonymous>)
	at hB.$ (file:///usr/share/code/resources/app/out/vs/workbench/api/node/extensionHostProcess.js:118:9865)
	at hB.terminate (file:///usr/share/code/resources/app/out/vs/workbench/api/node/extensionHostProcess.js:118:10108)
	at M3.terminate (file:///usr/share/code/resources/app/out/vs/workbench/api/node/extensionHostProcess.js:119:1424)
	at ps (file:///usr/share/code/resources/app/out/vs/workbench/api/node/extensionHostProcess.js:174:15058)
	at MessagePortMain.<anonymous> (file:///usr/share/code/resources/app/out/vs/workbench/api/node/extensionHostProcess.js:174:11603)
	at MessagePortMain.emit (node:events:519:28)
	at MessagePortMain._internalPort.emit (node:electron/js2c/utility_init:2:2619) setContext undefined
2024-10-31 22:43:01.278 [error] Canceled: Canceled
	at new eA (file:///usr/share/code/resources/app/out/vs/workbench/api/node/extensionHostProcess.js:31:109321)
	at Zb.U (file:///usr/share/code/resources/app/out/vs/workbench/api/node/extensionHostProcess.js:31:113933)
	at s.<computed>.n.charCodeAt.s.<computed> (file:///usr/share/code/resources/app/out/vs/workbench/api/node/extensionHostProcess.js:31:111427)
	at T0.g (file:///usr/share/code/resources/app/out/vs/workbench/api/node/extensionHostProcess.js:114:32325)
	at T0.executeCommand (file:///usr/share/code/resources/app/out/vs/workbench/api/node/extensionHostProcess.js:114:31826)
	at r.registerCommand.description (file:///usr/share/code/resources/app/out/vs/workbench/api/node/extensionHostProcess.js:114:31156)
	at T0.h (file:///usr/share/code/resources/app/out/vs/workbench/api/node/extensionHostProcess.js:114:32845)
	at T0.g (file:///usr/share/code/resources/app/out/vs/workbench/api/node/extensionHostProcess.js:114:31919)
	at T0.executeCommand (file:///usr/share/code/resources/app/out/vs/workbench/api/node/extensionHostProcess.js:114:31826)
	at Object.executeCommand (file:///usr/share/code/resources/app/out/vs/workbench/api/node/extensionHostProcess.js:156:37049)
	at gh.O [as value] (/usr/share/code/resources/app/extensions/git/dist/main.js:2:953034)
	at T.B (file:///usr/share/code/resources/app/out/vs/workbench/api/node/extensionHostProcess.js:29:732)
	at T.C (file:///usr/share/code/resources/app/out/vs/workbench/api/node/extensionHostProcess.js:29:802)
	at T.fire (file:///usr/share/code/resources/app/out/vs/workbench/api/node/extensionHostProcess.js:29:1019)
	at Object.p [as dispose] (/usr/share/code/resources/app/extensions/git/dist/main.js:2:973612)
	at /usr/share/code/resources/app/extensions/git/dist/main.js:2:979734
	at Array.forEach (<anonymous>)
	at f.dispose (/usr/share/code/resources/app/extensions/git/dist/main.js:2:979720)
	at D1.<anonymous> (file:///usr/share/code/resources/app/out/vs/workbench/api/node/extensionHostProcess.js:108:19996)
	at D1.dispose (file:///usr/share/code/resources/app/out/vs/workbench/api/node/extensionHostProcess.js:108:20092)
	at D1.<anonymous> (/usr/share/code/resources/app/extensions/git/dist/main.js:2:955332)
	at D1.dispose (file:///usr/share/code/resources/app/out/vs/workbench/api/node/extensionHostProcess.js:108:20092)
	at Si (file:///usr/share/code/resources/app/out/vs/workbench/api/node/extensionHostProcess.js:24:701)
	at file:///usr/share/code/resources/app/out/vs/workbench/api/node/extensionHostProcess.js:118:14995
	at file:///usr/share/code/resources/app/out/vs/workbench/api/node/extensionHostProcess.js:24:1011
	at Object.dispose (file:///usr/share/code/resources/app/out/vs/workbench/api/node/extensionHostProcess.js:7:2146)
	at hB.eb (file:///usr/share/code/resources/app/out/vs/workbench/api/node/extensionHostProcess.js:118:11922)
	at file:///usr/share/code/resources/app/out/vs/workbench/api/node/extensionHostProcess.js:118:9877
	at Array.map (<anonymous>)
	at hB.$ (file:///usr/share/code/resources/app/out/vs/workbench/api/node/extensionHostProcess.js:118:9865)
	at hB.terminate (file:///usr/share/code/resources/app/out/vs/workbench/api/node/extensionHostProcess.js:118:10108)
	at M3.terminate (file:///usr/share/code/resources/app/out/vs/workbench/api/node/extensionHostProcess.js:119:1424)
	at ps (file:///usr/share/code/resources/app/out/vs/workbench/api/node/extensionHostProcess.js:174:15058)
	at MessagePortMain.<anonymous> (file:///usr/share/code/resources/app/out/vs/workbench/api/node/extensionHostProcess.js:174:11603)
	at MessagePortMain.emit (node:events:519:28)
	at MessagePortMain._internalPort.emit (node:electron/js2c/utility_init:2:2619) setContext undefined
2024-10-31 22:43:01.279 [error] Canceled: Canceled
	at new eA (file:///usr/share/code/resources/app/out/vs/workbench/api/node/extensionHostProcess.js:31:109321)
	at Zb.U (file:///usr/share/code/resources/app/out/vs/workbench/api/node/extensionHostProcess.js:31:113933)
	at s.<computed>.n.charCodeAt.s.<computed> (file:///usr/share/code/resources/app/out/vs/workbench/api/node/extensionHostProcess.js:31:111427)
	at T0.g (file:///usr/share/code/resources/app/out/vs/workbench/api/node/extensionHostProcess.js:114:32325)
	at T0.executeCommand (file:///usr/share/code/resources/app/out/vs/workbench/api/node/extensionHostProcess.js:114:31826)
	at r.registerCommand.description (file:///usr/share/code/resources/app/out/vs/workbench/api/node/extensionHostProcess.js:114:31156)
	at T0.h (file:///usr/share/code/resources/app/out/vs/workbench/api/node/extensionHostProcess.js:114:32845)
	at T0.g (file:///usr/share/code/resources/app/out/vs/workbench/api/node/extensionHostProcess.js:114:31919)
	at T0.executeCommand (file:///usr/share/code/resources/app/out/vs/workbench/api/node/extensionHostProcess.js:114:31826)
	at Object.executeCommand (file:///usr/share/code/resources/app/out/vs/workbench/api/node/extensionHostProcess.js:156:37049)
	at set hasGitHubRepositories (/usr/share/code/resources/app/extensions/github/dist/extension.js:2:321578)
	at /usr/share/code/resources/app/extensions/github/dist/extension.js:2:322537
	at gh.value (/usr/share/code/resources/app/extensions/git/dist/main.js:2:1061875)
	at T.B (file:///usr/share/code/resources/app/out/vs/workbench/api/node/extensionHostProcess.js:29:732)
	at T.C (file:///usr/share/code/resources/app/out/vs/workbench/api/node/extensionHostProcess.js:29:802)
	at T.fire (file:///usr/share/code/resources/app/out/vs/workbench/api/node/extensionHostProcess.js:29:1019)
	at Object.p [as dispose] (/usr/share/code/resources/app/extensions/git/dist/main.js:2:973612)
	at /usr/share/code/resources/app/extensions/git/dist/main.js:2:979734
	at Array.forEach (<anonymous>)
	at f.dispose (/usr/share/code/resources/app/extensions/git/dist/main.js:2:979720)
	at D1.<anonymous> (file:///usr/share/code/resources/app/out/vs/workbench/api/node/extensionHostProcess.js:108:19996)
	at D1.dispose (file:///usr/share/code/resources/app/out/vs/workbench/api/node/extensionHostProcess.js:108:20092)
	at D1.<anonymous> (/usr/share/code/resources/app/extensions/git/dist/main.js:2:955332)
	at D1.dispose (file:///usr/share/code/resources/app/out/vs/workbench/api/node/extensionHostProcess.js:108:20092)
	at Si (file:///usr/share/code/resources/app/out/vs/workbench/api/node/extensionHostProcess.js:24:701)
	at file:///usr/share/code/resources/app/out/vs/workbench/api/node/extensionHostProcess.js:118:14995
	at file:///usr/share/code/resources/app/out/vs/workbench/api/node/extensionHostProcess.js:24:1011
	at Object.dispose (file:///usr/share/code/resources/app/out/vs/workbench/api/node/extensionHostProcess.js:7:2146)
	at hB.eb (file:///usr/share/code/resources/app/out/vs/workbench/api/node/extensionHostProcess.js:118:11922)
	at file:///usr/share/code/resources/app/out/vs/workbench/api/node/extensionHostProcess.js:118:9877
	at Array.map (<anonymous>)
	at hB.$ (file:///usr/share/code/resources/app/out/vs/workbench/api/node/extensionHostProcess.js:118:9865)
	at hB.terminate (file:///usr/share/code/resources/app/out/vs/workbench/api/node/extensionHostProcess.js:118:10108)
	at M3.terminate (file:///usr/share/code/resources/app/out/vs/workbench/api/node/extensionHostProcess.js:119:1424)
	at ps (file:///usr/share/code/resources/app/out/vs/workbench/api/node/extensionHostProcess.js:174:15058)
	at MessagePortMain.<anonymous> (file:///usr/share/code/resources/app/out/vs/workbench/api/node/extensionHostProcess.js:174:11603)
	at MessagePortMain.emit (node:events:519:28)
	at MessagePortMain._internalPort.emit (node:electron/js2c/utility_init:2:2619) setContext undefined
2024-10-31 22:43:01.279 [info] Extension host with pid 4798 exiting with code 0
