2024-11-08 13:23:12.480 [info] [main] Log level: Info
2024-11-08 13:23:12.480 [info] [main] Validating found git in: "git"
2024-11-08 13:23:12.480 [info] [main] Using git "2.34.1" from "git"
2024-11-08 13:23:12.480 [info] [Model][doInitialScan] Initial repository scan started
2024-11-08 13:23:12.480 [info] > git rev-parse --show-toplevel [8ms]
2024-11-08 13:23:12.480 [info] > git rev-parse --git-dir --git-common-dir [3ms]
2024-11-08 13:23:12.480 [info] [Model][openRepository] Opened repository: /home/link-eye/git/miniob_re/MiniOB_ky
2024-11-08 13:23:12.487 [info] > git config --get commit.template [2ms]
2024-11-08 13:23:12.499 [info] > git for-each-ref --format=%(refname)%00%(upstream:short)%00%(objectname)%00%(upstream:track)%00%(upstream:remotename)%00%(upstream:remoteref) refs/heads/for_test refs/remotes/for_test [2ms]
2024-11-08 13:23:12.549 [info] > git for-each-ref --sort -committerdate --format %(refname) %(objectname) %(*objectname) [7ms]
2024-11-08 13:23:12.551 [info] > git rev-parse --show-toplevel [2ms]
2024-11-08 13:23:12.554 [info] > git status -z -uall [17ms]
2024-11-08 13:23:12.570 [info] > git for-each-ref --format=%(refname)%00%(upstream:short)%00%(objectname)%00%(upstream:track)%00%(upstream:remotename)%00%(upstream:remoteref) refs/heads/for_test refs/remotes/for_test [5ms]
2024-11-08 13:23:12.579 [info] > git rev-parse --show-toplevel [25ms]
2024-11-08 13:23:12.605 [info] > git config --local branch.for_test.vscode-merge-base [27ms]
2024-11-08 13:23:12.609 [info] > git config --get commit.template [40ms]
2024-11-08 13:23:12.614 [info] > git for-each-ref --format=%(refname)%00%(upstream:short)%00%(objectname)%00%(upstream:track)%00%(upstream:remotename)%00%(upstream:remoteref) refs/heads/origin/vec-index refs/remotes/origin/vec-index [6ms]
2024-11-08 13:23:12.619 [info] > git rev-parse --show-toplevel [15ms]
2024-11-08 13:23:12.625 [info] > git merge-base refs/heads/for_test refs/remotes/origin/for_test [7ms]
2024-11-08 13:23:12.652 [info] > git diff --name-status -z --diff-filter=ADMR 90fdc40ef201e79b0ac126969f206df18b489599...refs/remotes/origin/for_test [24ms]
2024-11-08 13:23:12.652 [info] > git rev-parse --show-toplevel [28ms]
2024-11-08 13:23:12.652 [info] > git for-each-ref --format=%(refname)%00%(upstream:short)%00%(objectname)%00%(upstream:track)%00%(upstream:remotename)%00%(upstream:remoteref) refs/heads/for_test refs/remotes/for_test [30ms]
2024-11-08 13:23:12.669 [info] > git rev-parse --show-toplevel [1ms]
2024-11-08 13:23:12.682 [info] > git for-each-ref --sort -committerdate --format %(refname) %(objectname) %(*objectname) [4ms]
2024-11-08 13:23:12.682 [info] > git rev-parse --show-toplevel [10ms]
2024-11-08 13:23:12.687 [info] > git status -z -uall [12ms]
2024-11-08 13:23:12.687 [info] > git rev-parse --show-toplevel [1ms]
2024-11-08 13:23:12.701 [info] > git rev-parse --show-toplevel [2ms]
2024-11-08 13:23:12.705 [info] > git rev-parse --show-toplevel [1ms]
2024-11-08 13:23:12.708 [info] > git rev-parse --show-toplevel [1ms]
2024-11-08 13:23:12.711 [info] > git rev-parse --show-toplevel [0ms]
2024-11-08 13:23:12.714 [info] > git rev-parse --show-toplevel [1ms]
2024-11-08 13:23:12.719 [info] > git rev-parse --show-toplevel [1ms]
2024-11-08 13:23:12.723 [info] > git rev-parse --show-toplevel [0ms]
2024-11-08 13:23:12.728 [info] > git rev-parse --show-toplevel [2ms]
2024-11-08 13:23:12.731 [info] [Model][doInitialScan] Initial repository scan completed - repositories (1), closed repositories (0), parent repositories (0), unsafe repositories (0)
2024-11-08 13:23:12.995 [info] > git check-ignore -v -z --stdin [1ms]
2024-11-08 13:23:13.193 [info] > git rev-parse --show-toplevel [1ms]
2024-11-08 13:23:13.197 [info] > git rev-parse --show-toplevel [1ms]
2024-11-08 13:23:13.202 [info] > git rev-parse --show-toplevel [2ms]
2024-11-08 13:23:13.206 [info] > git rev-parse --show-toplevel [1ms]
2024-11-08 13:23:13.210 [info] > git rev-parse --show-toplevel [1ms]
2024-11-08 13:23:18.484 [info] > git log --format=%H%n%aN%n%aE%n%at%n%ct%n%P%n%D%n%B -z --shortstat --diff-merges=first-parent -n50 --skip=0 --topo-order --decorate=full --stdin [224ms]
2024-11-08 13:23:18.882 [info] > git check-ignore -v -z --stdin [1ms]
2024-11-08 13:23:19.612 [info] > git config --get commit.template [4ms]
2024-11-08 13:23:19.613 [info] > git for-each-ref --format=%(refname)%00%(upstream:short)%00%(objectname)%00%(upstream:track)%00%(upstream:remotename)%00%(upstream:remoteref) refs/heads/for_test refs/remotes/for_test [1ms]
2024-11-08 13:23:19.621 [info] > git for-each-ref --sort -committerdate --format %(refname) %(objectname) %(*objectname) [1ms]
2024-11-08 13:23:19.628 [info] > git status -z -uall [12ms]
2024-11-08 13:23:20.135 [info] > git rev-parse --show-toplevel [1ms]
2024-11-08 13:23:20.138 [info] > git rev-parse --show-toplevel [1ms]
2024-11-08 13:23:20.141 [info] > git rev-parse --show-toplevel [0ms]
2024-11-08 13:23:20.145 [info] > git rev-parse --show-toplevel [1ms]
2024-11-08 13:23:20.149 [info] > git rev-parse --show-toplevel [0ms]
2024-11-08 13:23:25.595 [info] > git config --get commit.template [5ms]
2024-11-08 13:23:25.595 [info] > git for-each-ref --format=%(refname)%00%(upstream:short)%00%(objectname)%00%(upstream:track)%00%(upstream:remotename)%00%(upstream:remoteref) refs/heads/for_test refs/remotes/for_test [1ms]
2024-11-08 13:23:25.604 [info] > git for-each-ref --sort -committerdate --format %(refname) %(objectname) %(*objectname) [2ms]
2024-11-08 13:23:25.610 [info] > git status -z -uall [11ms]
2024-11-08 13:23:26.121 [info] > git rev-parse --show-toplevel [1ms]
2024-11-08 13:23:26.125 [info] > git rev-parse --show-toplevel [1ms]
2024-11-08 13:23:26.129 [info] > git rev-parse --show-toplevel [1ms]
2024-11-08 13:23:26.133 [info] > git rev-parse --show-toplevel [1ms]
2024-11-08 13:23:26.143 [info] > git rev-parse --show-toplevel [2ms]
2024-11-08 13:23:31.385 [info] > git config --get commit.template [3ms]
2024-11-08 13:23:31.386 [info] > git for-each-ref --format=%(refname)%00%(upstream:short)%00%(objectname)%00%(upstream:track)%00%(upstream:remotename)%00%(upstream:remoteref) refs/heads/for_test refs/remotes/for_test [1ms]
2024-11-08 13:23:31.394 [info] > git for-each-ref --sort -committerdate --format %(refname) %(objectname) %(*objectname) [2ms]
2024-11-08 13:23:31.402 [info] > git status -z -uall [13ms]
2024-11-08 13:23:31.910 [info] > git rev-parse --show-toplevel [1ms]
2024-11-08 13:23:31.914 [info] > git rev-parse --show-toplevel [1ms]
2024-11-08 13:23:31.918 [info] > git rev-parse --show-toplevel [1ms]
2024-11-08 13:23:31.921 [info] > git rev-parse --show-toplevel [1ms]
2024-11-08 13:23:31.925 [info] > git rev-parse --show-toplevel [1ms]
2024-11-08 13:23:54.633 [info] > git config --get commit.template [0ms]
2024-11-08 13:23:54.638 [info] > git for-each-ref --format=%(refname)%00%(upstream:short)%00%(objectname)%00%(upstream:track)%00%(upstream:remotename)%00%(upstream:remoteref) refs/heads/for_test refs/remotes/for_test [1ms]
2024-11-08 13:23:54.647 [info] > git for-each-ref --sort -committerdate --format %(refname) %(objectname) %(*objectname) [2ms]
2024-11-08 13:23:54.654 [info] > git status -z -uall [13ms]
2024-11-08 13:23:55.161 [info] > git rev-parse --show-toplevel [1ms]
2024-11-08 13:23:55.165 [info] > git rev-parse --show-toplevel [1ms]
2024-11-08 13:23:55.169 [info] > git rev-parse --show-toplevel [1ms]
2024-11-08 13:23:55.173 [info] > git rev-parse --show-toplevel [1ms]
2024-11-08 13:23:55.176 [info] > git rev-parse --show-toplevel [1ms]
2024-11-08 13:23:58.573 [info] > git log --format=%H%n%aN%n%aE%n%at%n%ct%n%P%n%D%n%B -z --shortstat --diff-merges=first-parent -n50 --skip=0 --topo-order --decorate=full --stdin [204ms]
2024-11-08 13:23:58.923 [info] > git check-ignore -v -z --stdin [1ms]
2024-11-08 13:23:59.666 [info] > git config --get commit.template [4ms]
2024-11-08 13:23:59.667 [info] > git for-each-ref --format=%(refname)%00%(upstream:short)%00%(objectname)%00%(upstream:track)%00%(upstream:remotename)%00%(upstream:remoteref) refs/heads/for_test refs/remotes/for_test [1ms]
2024-11-08 13:23:59.676 [info] > git for-each-ref --sort -committerdate --format %(refname) %(objectname) %(*objectname) [2ms]
2024-11-08 13:23:59.683 [info] > git status -z -uall [12ms]
2024-11-08 13:24:00.192 [info] > git rev-parse --show-toplevel [2ms]
2024-11-08 13:24:00.199 [info] > git rev-parse --show-toplevel [1ms]
2024-11-08 13:24:00.203 [info] > git rev-parse --show-toplevel [1ms]
2024-11-08 13:24:00.207 [info] > git rev-parse --show-toplevel [1ms]
2024-11-08 13:24:00.211 [info] > git rev-parse --show-toplevel [1ms]
2024-11-08 13:24:01.349 [info] > git diff-tree -r --name-status -z --diff-filter=ADMR 675f8239df06e2cda9d338ba338b4b72f3ef5edc 90fdc40ef201e79b0ac126969f206df18b489599 [2ms]
2024-11-08 13:24:01.377 [info] > git show --textconv 675f8239df06e2cda9d338ba338b4b72f3ef5edc:src/observer/net/plain_communicator.cpp [4ms]
2024-11-08 13:24:01.404 [info] > git show --textconv 90fdc40ef201e79b0ac126969f206df18b489599:src/observer/net/plain_communicator.cpp [28ms]
2024-11-08 13:24:01.404 [info] > git show --textconv 675f8239df06e2cda9d338ba338b4b72f3ef5edc:src/observer/sql/executor/sql_result.h [20ms]
2024-11-08 13:24:01.404 [info] > git show --textconv 90fdc40ef201e79b0ac126969f206df18b489599:src/observer/sql/executor/sql_result.h [15ms]
2024-11-08 13:24:01.404 [info] > git ls-tree -l 90fdc40ef201e79b0ac126969f206df18b489599 -- /home/link-eye/git/miniob_re/MiniOB_ky/src/observer/sql/executor/sql_result.h [2ms]
2024-11-08 13:24:01.405 [info] > git ls-tree -l 675f8239df06e2cda9d338ba338b4b72f3ef5edc -- /home/link-eye/git/miniob_re/MiniOB_ky/src/observer/sql/executor/sql_result.h [6ms]
2024-11-08 13:24:01.405 [info] > git ls-tree -l 90fdc40ef201e79b0ac126969f206df18b489599 -- /home/link-eye/git/miniob_re/MiniOB_ky/src/observer/net/plain_communicator.cpp [9ms]
2024-11-08 13:24:01.406 [info] > git ls-tree -l 675f8239df06e2cda9d338ba338b4b72f3ef5edc -- /home/link-eye/git/miniob_re/MiniOB_ky/src/observer/net/plain_communicator.cpp [12ms]
2024-11-08 13:24:01.908 [info] > git check-ignore -v -z --stdin [1ms]
2024-11-08 13:24:04.691 [info] > git config --get commit.template [0ms]
2024-11-08 13:24:04.695 [info] > git for-each-ref --format=%(refname)%00%(upstream:short)%00%(objectname)%00%(upstream:track)%00%(upstream:remotename)%00%(upstream:remoteref) refs/heads/for_test refs/remotes/for_test [1ms]
2024-11-08 13:24:04.709 [info] > git for-each-ref --sort -committerdate --format %(refname) %(objectname) %(*objectname) [2ms]
2024-11-08 13:24:04.712 [info] > git status -z -uall [10ms]
2024-11-08 13:24:05.218 [info] > git rev-parse --show-toplevel [1ms]
2024-11-08 13:24:05.222 [info] > git rev-parse --show-toplevel [1ms]
2024-11-08 13:24:05.226 [info] > git rev-parse --show-toplevel [1ms]
2024-11-08 13:24:05.230 [info] > git rev-parse --show-toplevel [1ms]
2024-11-08 13:24:05.234 [info] > git rev-parse --show-toplevel [0ms]
2024-11-08 13:24:08.889 [info] > git check-ignore -v -z --stdin [3ms]
2024-11-08 13:24:09.726 [info] > git config --get commit.template [4ms]
2024-11-08 13:24:09.726 [info] > git for-each-ref --format=%(refname)%00%(upstream:short)%00%(objectname)%00%(upstream:track)%00%(upstream:remotename)%00%(upstream:remoteref) refs/heads/for_test refs/remotes/for_test [1ms]
2024-11-08 13:24:09.740 [info] > git for-each-ref --sort -committerdate --format %(refname) %(objectname) %(*objectname) [2ms]
2024-11-08 13:24:09.743 [info] > git status -z -uall [12ms]
2024-11-08 13:24:10.250 [info] > git rev-parse --show-toplevel [1ms]
2024-11-08 13:24:10.254 [info] > git rev-parse --show-toplevel [0ms]
2024-11-08 13:24:10.257 [info] > git rev-parse --show-toplevel [1ms]
2024-11-08 13:24:10.261 [info] > git rev-parse --show-toplevel [1ms]
2024-11-08 13:24:10.265 [info] > git rev-parse --show-toplevel [1ms]
2024-11-08 13:24:14.756 [info] > git config --get commit.template [3ms]
2024-11-08 13:24:14.756 [info] > git for-each-ref --format=%(refname)%00%(upstream:short)%00%(objectname)%00%(upstream:track)%00%(upstream:remotename)%00%(upstream:remoteref) refs/heads/for_test refs/remotes/for_test [1ms]
2024-11-08 13:24:14.766 [info] > git for-each-ref --sort -committerdate --format %(refname) %(objectname) %(*objectname) [2ms]
2024-11-08 13:24:14.769 [info] > git status -z -uall [8ms]
2024-11-08 13:24:15.279 [info] > git rev-parse --show-toplevel [1ms]
2024-11-08 13:24:15.283 [info] > git rev-parse --show-toplevel [1ms]
2024-11-08 13:24:15.288 [info] > git rev-parse --show-toplevel [1ms]
2024-11-08 13:24:15.291 [info] > git rev-parse --show-toplevel [0ms]
2024-11-08 13:24:15.295 [info] > git rev-parse --show-toplevel [1ms]
2024-11-08 13:24:19.783 [info] > git config --get commit.template [4ms]
2024-11-08 13:24:19.784 [info] > git for-each-ref --format=%(refname)%00%(upstream:short)%00%(objectname)%00%(upstream:track)%00%(upstream:remotename)%00%(upstream:remoteref) refs/heads/for_test refs/remotes/for_test [2ms]
2024-11-08 13:24:19.792 [info] > git for-each-ref --sort -committerdate --format %(refname) %(objectname) %(*objectname) [2ms]
2024-11-08 13:24:19.799 [info] > git status -z -uall [12ms]
2024-11-08 13:24:20.306 [info] > git rev-parse --show-toplevel [1ms]
2024-11-08 13:24:20.310 [info] > git rev-parse --show-toplevel [1ms]
2024-11-08 13:24:20.315 [info] > git rev-parse --show-toplevel [1ms]
2024-11-08 13:24:20.319 [info] > git rev-parse --show-toplevel [1ms]
2024-11-08 13:24:20.322 [info] > git rev-parse --show-toplevel [0ms]
