2024-10-31 22:29:51.750 [info] [main] Log level: Info
2024-10-31 22:29:51.750 [info] [main] Validating found git in: "git"
2024-10-31 22:29:51.801 [info] [main] Using git "2.34.1" from "git"
2024-10-31 22:29:51.801 [info] [Model][doInitialScan] Initial repository scan started
2024-10-31 22:29:51.854 [info] > git rev-parse --show-toplevel [40ms]
2024-10-31 22:29:51.859 [info] > git rev-parse --git-dir --git-common-dir [1ms]
2024-10-31 22:29:51.864 [info] [Model][openRepository] Opened repository: /home/link-eye/git/MiniOB_ky
2024-10-31 22:29:51.872 [info] > git rev-parse --show-toplevel [1ms]
2024-10-31 22:29:51.878 [info] > git rev-parse --show-toplevel [4ms]
2024-10-31 22:29:51.879 [info] > git config --get commit.template [11ms]
2024-10-31 22:29:51.910 [info] > git rev-parse --show-toplevel [7ms]
2024-10-31 22:29:51.910 [info] > git for-each-ref --format=%(refname)%00%(upstream:short)%00%(objectname)%00%(upstream:track)%00%(upstream:remotename)%00%(upstream:remoteref) refs/heads/main refs/remotes/main [32ms]
2024-10-31 22:29:51.919 [info] > git rev-parse --show-toplevel [6ms]
2024-10-31 22:29:51.925 [info] > git rev-parse --show-toplevel [2ms]
2024-10-31 22:29:51.930 [info] > git rev-parse --show-toplevel [1ms]
2024-10-31 22:29:51.932 [info] > git rev-parse --show-toplevel [0ms]
2024-10-31 22:29:51.936 [info] > git rev-parse --show-toplevel [1ms]
2024-10-31 22:29:51.942 [info] > git rev-parse --show-toplevel [2ms]
2024-10-31 22:29:51.946 [info] > git rev-parse --show-toplevel [1ms]
2024-10-31 22:29:51.949 [info] > git rev-parse --show-toplevel [1ms]
2024-10-31 22:29:51.952 [info] > git for-each-ref --sort -committerdate --format %(refname) %(objectname) %(*objectname) [33ms]
2024-10-31 22:29:51.954 [info] > git rev-parse --show-toplevel [3ms]
2024-10-31 22:29:51.961 [info] > git rev-parse --show-toplevel [0ms]
2024-10-31 22:29:51.964 [info] > git rev-parse --show-toplevel [0ms]
2024-10-31 22:29:51.967 [info] > git rev-parse --show-toplevel [0ms]
2024-10-31 22:29:51.969 [info] [Model][doInitialScan] Initial repository scan completed - repositories (1), closed repositories (0), parent repositories (0), unsafe repositories (0)
2024-10-31 22:29:52.171 [info] > git status -z -uall [255ms]
2024-10-31 22:29:52.187 [info] > git for-each-ref --format=%(refname)%00%(upstream:short)%00%(objectname)%00%(upstream:track)%00%(upstream:remotename)%00%(upstream:remoteref) refs/heads/main refs/remotes/main [5ms]
2024-10-31 22:29:52.191 [info] > git config --local branch.main.vscode-merge-base [1ms]
2024-10-31 22:29:52.194 [info] > git config --get commit.template [7ms]
2024-10-31 22:29:52.195 [info] > git for-each-ref --format=%(refname)%00%(upstream:short)%00%(objectname)%00%(upstream:track)%00%(upstream:remotename)%00%(upstream:remoteref) refs/heads/origin/main refs/remotes/origin/main [1ms]
2024-10-31 22:29:52.205 [info] > git merge-base refs/heads/main refs/remotes/origin/main [8ms]
2024-10-31 22:29:52.250 [info] > git diff --name-status -z --diff-filter=ADMR d8cf5eb0bf0fb3e2681a1b4cf58293c7776a138b...refs/remotes/origin/main [38ms]
2024-10-31 22:29:52.250 [info] > git for-each-ref --format=%(refname)%00%(upstream:short)%00%(objectname)%00%(upstream:track)%00%(upstream:remotename)%00%(upstream:remoteref) refs/heads/main refs/remotes/main [45ms]
2024-10-31 22:29:52.270 [info] > git for-each-ref --sort -committerdate --format %(refname) %(objectname) %(*objectname) [1ms]
2024-10-31 22:29:52.279 [info] > git status -z -uall [13ms]
2024-10-31 22:29:52.392 [info] > git check-ignore -v -z --stdin [10ms]
2024-10-31 22:29:52.785 [info] > git rev-parse --show-toplevel [0ms]
2024-10-31 22:29:52.788 [info] > git rev-parse --git-dir --git-common-dir [0ms]
2024-10-31 22:29:52.793 [info] [Model][openRepository] Opened repository: /home/link-eye/git/MiniOB_ky/deps/3rd/libevent
2024-10-31 22:29:52.802 [info] > git rev-parse --show-toplevel [1ms]
2024-10-31 22:29:52.802 [info] > git config --get commit.template [4ms]
2024-10-31 22:29:52.811 [info] > git rev-parse --git-dir --git-common-dir [7ms]
2024-10-31 22:29:52.814 [info] [Model][openRepository] Opened repository: /home/link-eye/git/MiniOB_ky/deps/3rd/jsoncpp
2024-10-31 22:29:52.820 [info] > git config --get commit.template [3ms]
2024-10-31 22:29:52.820 [info] > git rev-parse --show-toplevel [1ms]
2024-10-31 22:29:52.830 [info] > git rev-parse --git-dir --git-common-dir [2ms]
2024-10-31 22:29:52.833 [info] [Model][openRepository] Opened repository: /home/link-eye/git/MiniOB_ky/deps/3rd/googletest
2024-10-31 22:29:52.838 [info] > git config --get commit.template [2ms]
2024-10-31 22:29:52.839 [info] > git rev-parse --show-toplevel [1ms]
2024-10-31 22:29:52.845 [info] > git rev-parse --git-dir --git-common-dir [1ms]
2024-10-31 22:29:52.846 [info] [Model][openRepository] Opened repository: /home/link-eye/git/MiniOB_ky/deps/3rd/benchmark
2024-10-31 22:29:52.850 [info] > git config --get commit.template [1ms]
2024-10-31 22:29:52.867 [info] > git for-each-ref --format %(refname) %(objectname) %(*objectname) refs/tags [44ms]
2024-10-31 22:29:52.874 [info] > git status -z -uall [3ms]
2024-10-31 22:29:52.884 [info] > git for-each-ref --sort -committerdate --format %(refname) %(objectname) %(*objectname) [11ms]
2024-10-31 22:29:52.894 [info] > git config --get commit.template [6ms]
2024-10-31 22:29:52.895 [info] > git for-each-ref --format %(refname) %(objectname) %(*objectname) refs/tags [3ms]
2024-10-31 22:29:52.902 [info] > git status -z -uall [3ms]
2024-10-31 22:29:52.904 [info] > git for-each-ref --sort -committerdate --format %(refname) %(objectname) %(*objectname) [2ms]
2024-10-31 22:29:52.907 [info] > git for-each-ref --format %(refname) %(objectname) %(*objectname) refs/tags [98ms]
2024-10-31 22:29:52.913 [info] > git status -z -uall [3ms]
2024-10-31 22:29:52.916 [info] > git for-each-ref --format %(refname) %(objectname) %(*objectname) refs/tags [64ms]
2024-10-31 22:29:52.922 [info] > git status -z -uall [3ms]
2024-10-31 22:29:52.926 [info] > git for-each-ref --format %(refname) %(objectname) %(*objectname) refs/tags [84ms]
2024-10-31 22:29:52.935 [info] > git status -z -uall [3ms]
2024-10-31 22:29:52.935 [info] > git for-each-ref --sort -committerdate --format %(refname) %(objectname) %(*objectname) [14ms]
2024-10-31 22:29:52.940 [info] > git for-each-ref --sort -committerdate --format %(refname) %(objectname) %(*objectname) [27ms]
2024-10-31 22:29:52.949 [info] > git config --get commit.template [10ms]
2024-10-31 22:29:52.949 [info] > git for-each-ref --sort -committerdate --format %(refname) %(objectname) %(*objectname) [14ms]
2024-10-31 22:29:52.954 [info] > git config --get commit.template [6ms]
2024-10-31 22:29:52.964 [info] > git config --get commit.template [10ms]
2024-10-31 22:29:52.966 [info] > git for-each-ref --format %(refname) %(objectname) %(*objectname) refs/tags [9ms]
2024-10-31 22:29:52.971 [info] > git status -z -uall [3ms]
2024-10-31 22:29:52.971 [info] > git for-each-ref --format %(refname) %(objectname) %(*objectname) refs/tags [5ms]
2024-10-31 22:29:52.980 [info] > git for-each-ref --format %(refname) %(objectname) %(*objectname) refs/tags [17ms]
2024-10-31 22:29:52.985 [info] > git status -z -uall [11ms]
2024-10-31 22:29:52.985 [info] > git status -z -uall [2ms]
2024-10-31 22:29:52.986 [info] > git for-each-ref --sort -committerdate --format %(refname) %(objectname) %(*objectname) [6ms]
2024-10-31 22:29:52.986 [info] > git for-each-ref --sort -committerdate --format %(refname) %(objectname) %(*objectname) [16ms]
2024-10-31 22:29:52.987 [info] > git for-each-ref --sort -committerdate --format %(refname) %(objectname) %(*objectname) [2ms]
2024-10-31 22:29:53.315 [info] > git check-ignore -v -z --stdin [1ms]
2024-10-31 22:29:58.191 [info] > git config --get commit.template [3ms]
2024-10-31 22:29:58.192 [info] > git for-each-ref --format=%(refname)%00%(upstream:short)%00%(objectname)%00%(upstream:track)%00%(upstream:remotename)%00%(upstream:remoteref) refs/heads/main refs/remotes/main [1ms]
2024-10-31 22:29:58.197 [info] > git for-each-ref --sort -committerdate --format %(refname) %(objectname) %(*objectname) [1ms]
2024-10-31 22:29:58.204 [info] > git status -z -uall [10ms]
2024-10-31 22:30:00.201 [info] > git check-ignore -v -z --stdin [2ms]
2024-10-31 22:30:00.844 [info] > git check-ignore -v -z --stdin [2ms]
2024-10-31 22:30:03.225 [info] > git config --get commit.template [8ms]
2024-10-31 22:30:03.226 [info] > git for-each-ref --format=%(refname)%00%(upstream:short)%00%(objectname)%00%(upstream:track)%00%(upstream:remotename)%00%(upstream:remoteref) refs/heads/main refs/remotes/main [2ms]
2024-10-31 22:30:03.236 [info] > git for-each-ref --sort -committerdate --format %(refname) %(objectname) %(*objectname) [1ms]
2024-10-31 22:30:03.248 [info] > git status -z -uall [17ms]
2024-10-31 22:30:08.272 [info] > git config --get commit.template [7ms]
2024-10-31 22:30:08.273 [info] > git for-each-ref --format=%(refname)%00%(upstream:short)%00%(objectname)%00%(upstream:track)%00%(upstream:remotename)%00%(upstream:remoteref) refs/heads/main refs/remotes/main [2ms]
2024-10-31 22:30:08.290 [info] > git for-each-ref --sort -committerdate --format %(refname) %(objectname) %(*objectname) [1ms]
2024-10-31 22:30:08.302 [info] > git status -z -uall [18ms]
2024-10-31 22:30:13.322 [info] > git config --get commit.template [8ms]
2024-10-31 22:30:13.324 [info] > git for-each-ref --format=%(refname)%00%(upstream:short)%00%(objectname)%00%(upstream:track)%00%(upstream:remotename)%00%(upstream:remoteref) refs/heads/main refs/remotes/main [3ms]
2024-10-31 22:30:13.334 [info] > git for-each-ref --sort -committerdate --format %(refname) %(objectname) %(*objectname) [2ms]
2024-10-31 22:30:13.345 [info] > git status -z -uall [16ms]
2024-10-31 22:30:18.365 [info] > git config --get commit.template [7ms]
2024-10-31 22:30:18.367 [info] > git for-each-ref --format=%(refname)%00%(upstream:short)%00%(objectname)%00%(upstream:track)%00%(upstream:remotename)%00%(upstream:remoteref) refs/heads/main refs/remotes/main [3ms]
2024-10-31 22:30:18.382 [info] > git for-each-ref --sort -committerdate --format %(refname) %(objectname) %(*objectname) [2ms]
2024-10-31 22:30:18.398 [info] > git status -z -uall [24ms]
2024-10-31 22:30:23.419 [info] > git config --get commit.template [8ms]
2024-10-31 22:30:23.420 [info] > git for-each-ref --format=%(refname)%00%(upstream:short)%00%(objectname)%00%(upstream:track)%00%(upstream:remotename)%00%(upstream:remoteref) refs/heads/main refs/remotes/main [2ms]
2024-10-31 22:30:23.434 [info] > git for-each-ref --sort -committerdate --format %(refname) %(objectname) %(*objectname) [2ms]
2024-10-31 22:30:23.452 [info] > git status -z -uall [25ms]
2024-10-31 22:30:25.655 [info] > git config --get commit.template [4ms]
2024-10-31 22:30:25.656 [info] > git config --get commit.template [7ms]
2024-10-31 22:30:25.657 [info] > git config --get commit.template [2ms]
2024-10-31 22:30:25.666 [info] > git for-each-ref --format %(refname) %(objectname) %(*objectname) refs/tags [3ms]
2024-10-31 22:30:25.674 [info] > git for-each-ref --format %(refname) %(objectname) %(*objectname) refs/tags [13ms]
2024-10-31 22:30:25.681 [info] > git status -z -uall [13ms]
2024-10-31 22:30:25.681 [info] > git status -z -uall [3ms]
2024-10-31 22:30:25.681 [info] > git for-each-ref --sort -committerdate --format %(refname) %(objectname) %(*objectname) [7ms]
2024-10-31 22:30:25.683 [info] > git for-each-ref --format %(refname) %(objectname) %(*objectname) refs/tags [17ms]
2024-10-31 22:30:25.694 [info] > git status -z -uall [7ms]
2024-10-31 22:30:25.694 [info] > git for-each-ref --sort -committerdate --format %(refname) %(objectname) %(*objectname) [14ms]
2024-10-31 22:30:25.695 [info] > git for-each-ref --sort -committerdate --format %(refname) %(objectname) %(*objectname) [2ms]
2024-10-31 22:30:27.188 [info] > git config --get commit.template [7ms]
2024-10-31 22:30:27.191 [info] > git for-each-ref --format %(refname) %(objectname) %(*objectname) refs/tags [4ms]
2024-10-31 22:30:27.200 [info] > git status -z -uall [4ms]
2024-10-31 22:30:27.202 [info] > git for-each-ref --sort -committerdate --format %(refname) %(objectname) %(*objectname) [2ms]
2024-10-31 22:30:28.470 [info] > git config --get commit.template [6ms]
2024-10-31 22:30:28.471 [info] > git for-each-ref --format=%(refname)%00%(upstream:short)%00%(objectname)%00%(upstream:track)%00%(upstream:remotename)%00%(upstream:remoteref) refs/heads/main refs/remotes/main [2ms]
2024-10-31 22:30:28.482 [info] > git for-each-ref --sort -committerdate --format %(refname) %(objectname) %(*objectname) [2ms]
2024-10-31 22:30:28.503 [info] > git status -z -uall [27ms]
2024-10-31 22:30:30.710 [info] > git for-each-ref --format %(refname) %(objectname) %(*objectname) refs/tags [11ms]
2024-10-31 22:30:30.710 [info] > git config --get commit.template [17ms]
2024-10-31 22:30:30.717 [info] > git status -z -uall [3ms]
2024-10-31 22:30:30.717 [info] > git config --get commit.template [7ms]
2024-10-31 22:30:30.717 [info] > git config --get commit.template [11ms]
2024-10-31 22:30:30.722 [info] > git for-each-ref --format %(refname) %(objectname) %(*objectname) refs/tags [3ms]
2024-10-31 22:30:30.727 [info] > git for-each-ref --sort -committerdate --format %(refname) %(objectname) %(*objectname) [11ms]
2024-10-31 22:30:30.728 [info] > git status -z -uall [3ms]
2024-10-31 22:30:30.728 [info] > git for-each-ref --format %(refname) %(objectname) %(*objectname) refs/tags [6ms]
2024-10-31 22:30:30.733 [info] > git status -z -uall [2ms]
2024-10-31 22:30:30.734 [info] > git for-each-ref --sort -committerdate --format %(refname) %(objectname) %(*objectname) [7ms]
2024-10-31 22:30:30.734 [info] > git for-each-ref --sort -committerdate --format %(refname) %(objectname) %(*objectname) [1ms]
2024-10-31 22:30:33.521 [info] > git config --get commit.template [2ms]
2024-10-31 22:30:33.529 [info] > git for-each-ref --format=%(refname)%00%(upstream:short)%00%(objectname)%00%(upstream:track)%00%(upstream:remotename)%00%(upstream:remoteref) refs/heads/main refs/remotes/main [2ms]
2024-10-31 22:30:33.540 [info] > git for-each-ref --sort -committerdate --format %(refname) %(objectname) %(*objectname) [2ms]
2024-10-31 22:30:33.551 [info] > git status -z -uall [17ms]
2024-10-31 22:30:38.570 [info] > git config --get commit.template [6ms]
2024-10-31 22:30:38.572 [info] > git for-each-ref --format=%(refname)%00%(upstream:short)%00%(objectname)%00%(upstream:track)%00%(upstream:remotename)%00%(upstream:remoteref) refs/heads/main refs/remotes/main [2ms]
2024-10-31 22:30:38.583 [info] > git for-each-ref --sort -committerdate --format %(refname) %(objectname) %(*objectname) [2ms]
2024-10-31 22:30:38.600 [info] > git status -z -uall [23ms]
2024-10-31 22:30:43.613 [info] > git config --get commit.template [1ms]
2024-10-31 22:30:43.621 [info] > git for-each-ref --format=%(refname)%00%(upstream:short)%00%(objectname)%00%(upstream:track)%00%(upstream:remotename)%00%(upstream:remoteref) refs/heads/main refs/remotes/main [2ms]
2024-10-31 22:30:43.634 [info] > git for-each-ref --sort -committerdate --format %(refname) %(objectname) %(*objectname) [1ms]
2024-10-31 22:30:43.653 [info] > git status -z -uall [25ms]
2024-10-31 22:30:48.672 [info] > git config --get commit.template [7ms]
2024-10-31 22:30:48.674 [info] > git for-each-ref --format=%(refname)%00%(upstream:short)%00%(objectname)%00%(upstream:track)%00%(upstream:remotename)%00%(upstream:remoteref) refs/heads/main refs/remotes/main [3ms]
2024-10-31 22:30:48.687 [info] > git for-each-ref --sort -committerdate --format %(refname) %(objectname) %(*objectname) [2ms]
2024-10-31 22:30:48.701 [info] > git status -z -uall [21ms]
2024-10-31 22:30:55.841 [info] > git config --get commit.template [7ms]
2024-10-31 22:30:55.842 [info] > git for-each-ref --format=%(refname)%00%(upstream:short)%00%(objectname)%00%(upstream:track)%00%(upstream:remotename)%00%(upstream:remoteref) refs/heads/main refs/remotes/main [2ms]
2024-10-31 22:30:55.853 [info] > git for-each-ref --sort -committerdate --format %(refname) %(objectname) %(*objectname) [0ms]
2024-10-31 22:30:55.872 [info] > git status -z -uall [24ms]
2024-10-31 22:31:00.891 [info] > git config --get commit.template [7ms]
2024-10-31 22:31:00.892 [info] > git for-each-ref --format=%(refname)%00%(upstream:short)%00%(objectname)%00%(upstream:track)%00%(upstream:remotename)%00%(upstream:remoteref) refs/heads/main refs/remotes/main [2ms]
2024-10-31 22:31:00.903 [info] > git for-each-ref --sort -committerdate --format %(refname) %(objectname) %(*objectname) [1ms]
2024-10-31 22:31:00.922 [info] > git status -z -uall [24ms]
2024-10-31 22:31:31.248 [info] > git config --get commit.template [3ms]
2024-10-31 22:31:31.249 [info] > git for-each-ref --format=%(refname)%00%(upstream:short)%00%(objectname)%00%(upstream:track)%00%(upstream:remotename)%00%(upstream:remoteref) refs/heads/main refs/remotes/main [1ms]
2024-10-31 22:31:31.261 [info] > git for-each-ref --sort -committerdate --format %(refname) %(objectname) %(*objectname) [2ms]
2024-10-31 22:31:31.272 [info] > git status -z -uall [17ms]
2024-10-31 22:31:39.297 [info] > git config --get commit.template [1ms]
2024-10-31 22:31:39.301 [info] > git for-each-ref --format=%(refname)%00%(upstream:short)%00%(objectname)%00%(upstream:track)%00%(upstream:remotename)%00%(upstream:remoteref) refs/heads/main refs/remotes/main [1ms]
2024-10-31 22:31:39.314 [info] > git for-each-ref --sort -committerdate --format %(refname) %(objectname) %(*objectname) [1ms]
2024-10-31 22:31:39.328 [info] > git status -z -uall [18ms]
2024-10-31 22:31:44.338 [info] > git config --get commit.template [3ms]
2024-10-31 22:31:44.339 [info] > git for-each-ref --format=%(refname)%00%(upstream:short)%00%(objectname)%00%(upstream:track)%00%(upstream:remotename)%00%(upstream:remoteref) refs/heads/main refs/remotes/main [1ms]
2024-10-31 22:31:44.346 [info] > git for-each-ref --sort -committerdate --format %(refname) %(objectname) %(*objectname) [1ms]
2024-10-31 22:31:44.357 [info] > git status -z -uall [15ms]
2024-10-31 22:31:50.133 [info] > git config --get commit.template [4ms]
2024-10-31 22:31:50.133 [info] > git for-each-ref --format=%(refname)%00%(upstream:short)%00%(objectname)%00%(upstream:track)%00%(upstream:remotename)%00%(upstream:remoteref) refs/heads/main refs/remotes/main [1ms]
2024-10-31 22:31:50.146 [info] > git for-each-ref --sort -committerdate --format %(refname) %(objectname) %(*objectname) [1ms]
2024-10-31 22:31:50.161 [info] > git status -z -uall [21ms]
2024-10-31 22:31:59.462 [info] > git config --get commit.template [3ms]
2024-10-31 22:31:59.463 [info] > git for-each-ref --format=%(refname)%00%(upstream:short)%00%(objectname)%00%(upstream:track)%00%(upstream:remotename)%00%(upstream:remoteref) refs/heads/main refs/remotes/main [1ms]
2024-10-31 22:31:59.474 [info] > git for-each-ref --sort -committerdate --format %(refname) %(objectname) %(*objectname) [3ms]
2024-10-31 22:31:59.483 [info] > git status -z -uall [17ms]
2024-10-31 22:32:13.815 [info] > git config --get commit.template [3ms]
2024-10-31 22:32:13.816 [info] > git for-each-ref --format=%(refname)%00%(upstream:short)%00%(objectname)%00%(upstream:track)%00%(upstream:remotename)%00%(upstream:remoteref) refs/heads/main refs/remotes/main [1ms]
2024-10-31 22:32:13.829 [info] > git for-each-ref --sort -committerdate --format %(refname) %(objectname) %(*objectname) [2ms]
2024-10-31 22:32:13.843 [info] > git status -z -uall [19ms]
2024-10-31 22:32:18.853 [info] > git config --get commit.template [3ms]
2024-10-31 22:32:18.854 [info] > git for-each-ref --format=%(refname)%00%(upstream:short)%00%(objectname)%00%(upstream:track)%00%(upstream:remotename)%00%(upstream:remoteref) refs/heads/main refs/remotes/main [1ms]
2024-10-31 22:32:18.860 [info] > git for-each-ref --sort -committerdate --format %(refname) %(objectname) %(*objectname) [1ms]
2024-10-31 22:32:18.870 [info] > git status -z -uall [13ms]
2024-10-31 22:32:23.996 [info] > git config --get commit.template [7ms]
2024-10-31 22:32:23.996 [info] > git for-each-ref --format=%(refname)%00%(upstream:short)%00%(objectname)%00%(upstream:track)%00%(upstream:remotename)%00%(upstream:remoteref) refs/heads/main refs/remotes/main [0ms]
2024-10-31 22:32:24.004 [info] > git for-each-ref --sort -committerdate --format %(refname) %(objectname) %(*objectname) [2ms]
2024-10-31 22:32:24.017 [info] > git status -z -uall [18ms]
2024-10-31 22:32:30.728 [info] > git config --get commit.template [4ms]
2024-10-31 22:32:30.728 [info] > git for-each-ref --format=%(refname)%00%(upstream:short)%00%(objectname)%00%(upstream:track)%00%(upstream:remotename)%00%(upstream:remoteref) refs/heads/main refs/remotes/main [1ms]
2024-10-31 22:32:30.740 [info] > git for-each-ref --sort -committerdate --format %(refname) %(objectname) %(*objectname) [3ms]
2024-10-31 22:32:30.749 [info] > git status -z -uall [18ms]
2024-10-31 22:32:35.759 [info] > git config --get commit.template [3ms]
2024-10-31 22:32:35.760 [info] > git for-each-ref --format=%(refname)%00%(upstream:short)%00%(objectname)%00%(upstream:track)%00%(upstream:remotename)%00%(upstream:remoteref) refs/heads/main refs/remotes/main [1ms]
2024-10-31 22:32:35.765 [info] > git for-each-ref --sort -committerdate --format %(refname) %(objectname) %(*objectname) [0ms]
2024-10-31 22:32:35.776 [info] > git status -z -uall [14ms]
2024-10-31 22:32:40.791 [info] > git config --get commit.template [8ms]
2024-10-31 22:32:40.792 [info] > git for-each-ref --format=%(refname)%00%(upstream:short)%00%(objectname)%00%(upstream:track)%00%(upstream:remotename)%00%(upstream:remoteref) refs/heads/main refs/remotes/main [1ms]
2024-10-31 22:32:40.799 [info] > git for-each-ref --sort -committerdate --format %(refname) %(objectname) %(*objectname) [1ms]
2024-10-31 22:32:40.812 [info] > git status -z -uall [17ms]
2024-10-31 22:32:45.821 [info] > git config --get commit.template [3ms]
2024-10-31 22:32:45.822 [info] > git for-each-ref --format=%(refname)%00%(upstream:short)%00%(objectname)%00%(upstream:track)%00%(upstream:remotename)%00%(upstream:remoteref) refs/heads/main refs/remotes/main [1ms]
2024-10-31 22:32:45.830 [info] > git for-each-ref --sort -committerdate --format %(refname) %(objectname) %(*objectname) [2ms]
2024-10-31 22:32:45.840 [info] > git status -z -uall [14ms]
2024-10-31 22:32:50.850 [info] > git config --get commit.template [4ms]
2024-10-31 22:32:50.850 [info] > git for-each-ref --format=%(refname)%00%(upstream:short)%00%(objectname)%00%(upstream:track)%00%(upstream:remotename)%00%(upstream:remoteref) refs/heads/main refs/remotes/main [1ms]
2024-10-31 22:32:50.858 [info] > git for-each-ref --sort -committerdate --format %(refname) %(objectname) %(*objectname) [2ms]
2024-10-31 22:32:50.869 [info] > git status -z -uall [15ms]
2024-10-31 22:32:55.878 [info] > git config --get commit.template [3ms]
2024-10-31 22:32:55.878 [info] > git for-each-ref --format=%(refname)%00%(upstream:short)%00%(objectname)%00%(upstream:track)%00%(upstream:remotename)%00%(upstream:remoteref) refs/heads/main refs/remotes/main [1ms]
2024-10-31 22:32:55.884 [info] > git for-each-ref --sort -committerdate --format %(refname) %(objectname) %(*objectname) [1ms]
2024-10-31 22:32:55.895 [info] > git status -z -uall [14ms]
2024-10-31 22:33:00.904 [info] > git config --get commit.template [3ms]
2024-10-31 22:33:00.904 [info] > git for-each-ref --format=%(refname)%00%(upstream:short)%00%(objectname)%00%(upstream:track)%00%(upstream:remotename)%00%(upstream:remoteref) refs/heads/main refs/remotes/main [1ms]
2024-10-31 22:33:00.910 [info] > git for-each-ref --sort -committerdate --format %(refname) %(objectname) %(*objectname) [1ms]
2024-10-31 22:33:00.921 [info] > git status -z -uall [14ms]
2024-10-31 22:33:05.930 [info] > git config --get commit.template [3ms]
2024-10-31 22:33:05.931 [info] > git for-each-ref --format=%(refname)%00%(upstream:short)%00%(objectname)%00%(upstream:track)%00%(upstream:remotename)%00%(upstream:remoteref) refs/heads/main refs/remotes/main [1ms]
2024-10-31 22:33:05.937 [info] > git for-each-ref --sort -committerdate --format %(refname) %(objectname) %(*objectname) [1ms]
2024-10-31 22:33:05.948 [info] > git status -z -uall [15ms]
2024-10-31 22:33:10.962 [info] > git config --get commit.template [6ms]
2024-10-31 22:33:10.963 [info] > git for-each-ref --format=%(refname)%00%(upstream:short)%00%(objectname)%00%(upstream:track)%00%(upstream:remotename)%00%(upstream:remoteref) refs/heads/main refs/remotes/main [2ms]
2024-10-31 22:33:10.971 [info] > git for-each-ref --sort -committerdate --format %(refname) %(objectname) %(*objectname) [3ms]
2024-10-31 22:33:10.983 [info] > git status -z -uall [16ms]
2024-10-31 22:33:16.001 [info] > git config --get commit.template [6ms]
2024-10-31 22:33:16.002 [info] > git for-each-ref --format=%(refname)%00%(upstream:short)%00%(objectname)%00%(upstream:track)%00%(upstream:remotename)%00%(upstream:remoteref) refs/heads/main refs/remotes/main [2ms]
2024-10-31 22:33:16.015 [info] > git for-each-ref --sort -committerdate --format %(refname) %(objectname) %(*objectname) [2ms]
2024-10-31 22:33:16.032 [info] > git status -z -uall [25ms]
2024-10-31 22:33:21.053 [info] > git config --get commit.template [6ms]
2024-10-31 22:33:21.054 [info] > git for-each-ref --format=%(refname)%00%(upstream:short)%00%(objectname)%00%(upstream:track)%00%(upstream:remotename)%00%(upstream:remoteref) refs/heads/main refs/remotes/main [2ms]
2024-10-31 22:33:21.065 [info] > git for-each-ref --sort -committerdate --format %(refname) %(objectname) %(*objectname) [2ms]
2024-10-31 22:33:21.083 [info] > git status -z -uall [24ms]
2024-10-31 22:33:26.095 [info] > git config --get commit.template [3ms]
2024-10-31 22:33:26.096 [info] > git for-each-ref --format=%(refname)%00%(upstream:short)%00%(objectname)%00%(upstream:track)%00%(upstream:remotename)%00%(upstream:remoteref) refs/heads/main refs/remotes/main [1ms]
2024-10-31 22:33:26.102 [info] > git for-each-ref --sort -committerdate --format %(refname) %(objectname) %(*objectname) [1ms]
2024-10-31 22:33:26.113 [info] > git status -z -uall [15ms]
2024-10-31 22:33:33.858 [info] > git config --get commit.template [3ms]
2024-10-31 22:33:33.859 [info] > git for-each-ref --format=%(refname)%00%(upstream:short)%00%(objectname)%00%(upstream:track)%00%(upstream:remotename)%00%(upstream:remoteref) refs/heads/main refs/remotes/main [1ms]
2024-10-31 22:33:33.866 [info] > git for-each-ref --sort -committerdate --format %(refname) %(objectname) %(*objectname) [2ms]
2024-10-31 22:33:33.877 [info] > git status -z -uall [15ms]
2024-10-31 22:33:38.884 [info] > git config --get commit.template [1ms]
2024-10-31 22:33:38.888 [info] > git for-each-ref --format=%(refname)%00%(upstream:short)%00%(objectname)%00%(upstream:track)%00%(upstream:remotename)%00%(upstream:remoteref) refs/heads/main refs/remotes/main [1ms]
2024-10-31 22:33:38.895 [info] > git for-each-ref --sort -committerdate --format %(refname) %(objectname) %(*objectname) [2ms]
2024-10-31 22:33:38.905 [info] > git status -z -uall [14ms]
2024-10-31 22:33:43.915 [info] > git config --get commit.template [3ms]
2024-10-31 22:33:43.915 [info] > git for-each-ref --format=%(refname)%00%(upstream:short)%00%(objectname)%00%(upstream:track)%00%(upstream:remotename)%00%(upstream:remoteref) refs/heads/main refs/remotes/main [1ms]
2024-10-31 22:33:43.922 [info] > git for-each-ref --sort -committerdate --format %(refname) %(objectname) %(*objectname) [2ms]
2024-10-31 22:33:43.931 [info] > git status -z -uall [13ms]
2024-10-31 22:33:48.950 [info] > git config --get commit.template [6ms]
2024-10-31 22:33:48.951 [info] > git for-each-ref --format=%(refname)%00%(upstream:short)%00%(objectname)%00%(upstream:track)%00%(upstream:remotename)%00%(upstream:remoteref) refs/heads/main refs/remotes/main [2ms]
2024-10-31 22:33:48.962 [info] > git for-each-ref --sort -committerdate --format %(refname) %(objectname) %(*objectname) [2ms]
2024-10-31 22:33:48.976 [info] > git status -z -uall [20ms]
2024-10-31 22:33:53.991 [info] > git config --get commit.template [4ms]
2024-10-31 22:33:53.991 [info] > git for-each-ref --format=%(refname)%00%(upstream:short)%00%(objectname)%00%(upstream:track)%00%(upstream:remotename)%00%(upstream:remoteref) refs/heads/main refs/remotes/main [1ms]
2024-10-31 22:33:54.002 [info] > git for-each-ref --sort -committerdate --format %(refname) %(objectname) %(*objectname) [4ms]
2024-10-31 22:33:54.015 [info] > git status -z -uall [21ms]
2024-10-31 22:33:59.026 [info] > git config --get commit.template [3ms]
2024-10-31 22:33:59.027 [info] > git for-each-ref --format=%(refname)%00%(upstream:short)%00%(objectname)%00%(upstream:track)%00%(upstream:remotename)%00%(upstream:remoteref) refs/heads/main refs/remotes/main [1ms]
2024-10-31 22:33:59.033 [info] > git for-each-ref --sort -committerdate --format %(refname) %(objectname) %(*objectname) [1ms]
2024-10-31 22:33:59.045 [info] > git status -z -uall [15ms]
2024-10-31 22:34:04.057 [info] > git config --get commit.template [3ms]
2024-10-31 22:34:04.058 [info] > git for-each-ref --format=%(refname)%00%(upstream:short)%00%(objectname)%00%(upstream:track)%00%(upstream:remotename)%00%(upstream:remoteref) refs/heads/main refs/remotes/main [1ms]
2024-10-31 22:34:04.070 [info] > git for-each-ref --sort -committerdate --format %(refname) %(objectname) %(*objectname) [2ms]
2024-10-31 22:34:04.082 [info] > git status -z -uall [21ms]
2024-10-31 22:34:09.093 [info] > git config --get commit.template [3ms]
2024-10-31 22:34:09.093 [info] > git for-each-ref --format=%(refname)%00%(upstream:short)%00%(objectname)%00%(upstream:track)%00%(upstream:remotename)%00%(upstream:remoteref) refs/heads/main refs/remotes/main [1ms]
2024-10-31 22:34:09.099 [info] > git for-each-ref --sort -committerdate --format %(refname) %(objectname) %(*objectname) [1ms]
2024-10-31 22:34:09.109 [info] > git status -z -uall [13ms]
2024-10-31 22:34:14.119 [info] > git config --get commit.template [4ms]
2024-10-31 22:34:14.119 [info] > git for-each-ref --format=%(refname)%00%(upstream:short)%00%(objectname)%00%(upstream:track)%00%(upstream:remotename)%00%(upstream:remoteref) refs/heads/main refs/remotes/main [1ms]
2024-10-31 22:34:14.126 [info] > git for-each-ref --sort -committerdate --format %(refname) %(objectname) %(*objectname) [1ms]
2024-10-31 22:34:14.136 [info] > git status -z -uall [13ms]
2024-10-31 22:34:19.150 [info] > git config --get commit.template [7ms]
2024-10-31 22:34:19.151 [info] > git for-each-ref --format=%(refname)%00%(upstream:short)%00%(objectname)%00%(upstream:track)%00%(upstream:remotename)%00%(upstream:remoteref) refs/heads/main refs/remotes/main [2ms]
2024-10-31 22:34:19.159 [info] > git for-each-ref --sort -committerdate --format %(refname) %(objectname) %(*objectname) [1ms]
2024-10-31 22:34:19.172 [info] > git status -z -uall [17ms]
2024-10-31 22:34:24.192 [info] > git config --get commit.template [7ms]
2024-10-31 22:34:24.193 [info] > git for-each-ref --format=%(refname)%00%(upstream:short)%00%(objectname)%00%(upstream:track)%00%(upstream:remotename)%00%(upstream:remoteref) refs/heads/main refs/remotes/main [2ms]
2024-10-31 22:34:24.204 [info] > git for-each-ref --sort -committerdate --format %(refname) %(objectname) %(*objectname) [1ms]
2024-10-31 22:34:24.222 [info] > git status -z -uall [23ms]
2024-10-31 22:34:29.239 [info] > git config --get commit.template [6ms]
2024-10-31 22:34:29.240 [info] > git for-each-ref --format=%(refname)%00%(upstream:short)%00%(objectname)%00%(upstream:track)%00%(upstream:remotename)%00%(upstream:remoteref) refs/heads/main refs/remotes/main [1ms]
2024-10-31 22:34:29.253 [info] > git for-each-ref --sort -committerdate --format %(refname) %(objectname) %(*objectname) [2ms]
2024-10-31 22:34:29.269 [info] > git status -z -uall [24ms]
2024-10-31 22:34:34.293 [info] > git config --get commit.template [7ms]
2024-10-31 22:34:34.294 [info] > git for-each-ref --format=%(refname)%00%(upstream:short)%00%(objectname)%00%(upstream:track)%00%(upstream:remotename)%00%(upstream:remoteref) refs/heads/main refs/remotes/main [2ms]
2024-10-31 22:34:34.307 [info] > git for-each-ref --sort -committerdate --format %(refname) %(objectname) %(*objectname) [2ms]
2024-10-31 22:34:34.321 [info] > git status -z -uall [21ms]
2024-10-31 22:34:45.923 [info] > git config --get commit.template [6ms]
2024-10-31 22:34:45.924 [info] > git for-each-ref --format=%(refname)%00%(upstream:short)%00%(objectname)%00%(upstream:track)%00%(upstream:remotename)%00%(upstream:remoteref) refs/heads/main refs/remotes/main [2ms]
2024-10-31 22:34:45.935 [info] > git for-each-ref --sort -committerdate --format %(refname) %(objectname) %(*objectname) [2ms]
2024-10-31 22:34:45.951 [info] > git status -z -uall [22ms]
2024-10-31 22:34:50.971 [info] > git config --get commit.template [6ms]
2024-10-31 22:34:50.972 [info] > git for-each-ref --format=%(refname)%00%(upstream:short)%00%(objectname)%00%(upstream:track)%00%(upstream:remotename)%00%(upstream:remoteref) refs/heads/main refs/remotes/main [2ms]
2024-10-31 22:34:50.989 [info] > git for-each-ref --sort -committerdate --format %(refname) %(objectname) %(*objectname) [1ms]
2024-10-31 22:34:51.009 [info] > git status -z -uall [27ms]
2024-10-31 22:35:00.115 [info] > git config --get commit.template [7ms]
2024-10-31 22:35:00.116 [info] > git for-each-ref --format=%(refname)%00%(upstream:short)%00%(objectname)%00%(upstream:track)%00%(upstream:remotename)%00%(upstream:remoteref) refs/heads/main refs/remotes/main [2ms]
2024-10-31 22:35:00.127 [info] > git for-each-ref --sort -committerdate --format %(refname) %(objectname) %(*objectname) [2ms]
2024-10-31 22:35:00.140 [info] > git status -z -uall [19ms]
2024-10-31 22:35:05.157 [info] > git config --get commit.template [2ms]
2024-10-31 22:35:05.167 [info] > git for-each-ref --format=%(refname)%00%(upstream:short)%00%(objectname)%00%(upstream:track)%00%(upstream:remotename)%00%(upstream:remoteref) refs/heads/main refs/remotes/main [1ms]
2024-10-31 22:35:05.176 [info] > git for-each-ref --sort -committerdate --format %(refname) %(objectname) %(*objectname) [2ms]
2024-10-31 22:35:05.191 [info] > git status -z -uall [20ms]
2024-10-31 22:35:10.211 [info] > git config --get commit.template [7ms]
2024-10-31 22:35:10.213 [info] > git for-each-ref --format=%(refname)%00%(upstream:short)%00%(objectname)%00%(upstream:track)%00%(upstream:remotename)%00%(upstream:remoteref) refs/heads/main refs/remotes/main [2ms]
2024-10-31 22:35:10.226 [info] > git for-each-ref --sort -committerdate --format %(refname) %(objectname) %(*objectname) [3ms]
2024-10-31 22:35:10.236 [info] > git status -z -uall [18ms]
2024-10-31 22:35:15.255 [info] > git config --get commit.template [6ms]
2024-10-31 22:35:15.256 [info] > git for-each-ref --format=%(refname)%00%(upstream:short)%00%(objectname)%00%(upstream:track)%00%(upstream:remotename)%00%(upstream:remoteref) refs/heads/main refs/remotes/main [2ms]
2024-10-31 22:35:15.267 [info] > git for-each-ref --sort -committerdate --format %(refname) %(objectname) %(*objectname) [1ms]
2024-10-31 22:35:15.278 [info] > git status -z -uall [16ms]
2024-10-31 22:36:08.224 [info] > git config --get commit.template [7ms]
2024-10-31 22:36:08.225 [info] > git for-each-ref --format=%(refname)%00%(upstream:short)%00%(objectname)%00%(upstream:track)%00%(upstream:remotename)%00%(upstream:remoteref) refs/heads/main refs/remotes/main [2ms]
2024-10-31 22:36:08.234 [info] > git for-each-ref --sort -committerdate --format %(refname) %(objectname) %(*objectname) [3ms]
2024-10-31 22:36:08.251 [info] > git status -z -uall [22ms]
2024-10-31 22:36:16.410 [info] > git config --get commit.template [7ms]
2024-10-31 22:36:16.411 [info] > git for-each-ref --format=%(refname)%00%(upstream:short)%00%(objectname)%00%(upstream:track)%00%(upstream:remotename)%00%(upstream:remoteref) refs/heads/main refs/remotes/main [2ms]
2024-10-31 22:36:16.424 [info] > git for-each-ref --sort -committerdate --format %(refname) %(objectname) %(*objectname) [2ms]
2024-10-31 22:36:16.436 [info] > git status -z -uall [19ms]
2024-10-31 22:36:28.704 [info] > git config --get commit.template [8ms]
2024-10-31 22:36:28.706 [info] > git for-each-ref --format=%(refname)%00%(upstream:short)%00%(objectname)%00%(upstream:track)%00%(upstream:remotename)%00%(upstream:remoteref) refs/heads/main refs/remotes/main [3ms]
2024-10-31 22:36:28.718 [info] > git for-each-ref --sort -committerdate --format %(refname) %(objectname) %(*objectname) [2ms]
2024-10-31 22:36:28.732 [info] > git status -z -uall [20ms]
2024-10-31 22:36:53.455 [info] > git config --get commit.template [2ms]
2024-10-31 22:36:53.463 [info] > git for-each-ref --format=%(refname)%00%(upstream:short)%00%(objectname)%00%(upstream:track)%00%(upstream:remotename)%00%(upstream:remoteref) refs/heads/main refs/remotes/main [2ms]
2024-10-31 22:36:53.476 [info] > git for-each-ref --sort -committerdate --format %(refname) %(objectname) %(*objectname) [2ms]
2024-10-31 22:36:53.491 [info] > git status -z -uall [21ms]
2024-10-31 22:37:02.144 [info] > git config --get commit.template [7ms]
2024-10-31 22:37:02.146 [info] > git for-each-ref --format=%(refname)%00%(upstream:short)%00%(objectname)%00%(upstream:track)%00%(upstream:remotename)%00%(upstream:remoteref) refs/heads/main refs/remotes/main [3ms]
2024-10-31 22:37:02.157 [info] > git for-each-ref --sort -committerdate --format %(refname) %(objectname) %(*objectname) [2ms]
2024-10-31 22:37:02.170 [info] > git status -z -uall [19ms]
2024-10-31 22:37:15.954 [info] > git config --get commit.template [7ms]
2024-10-31 22:37:15.954 [info] > git for-each-ref --format=%(refname)%00%(upstream:short)%00%(objectname)%00%(upstream:track)%00%(upstream:remotename)%00%(upstream:remoteref) refs/heads/main refs/remotes/main [1ms]
2024-10-31 22:37:15.966 [info] > git for-each-ref --sort -committerdate --format %(refname) %(objectname) %(*objectname) [1ms]
2024-10-31 22:37:15.983 [info] > git status -z -uall [23ms]
2024-10-31 22:37:29.448 [info] > git config --get commit.template [8ms]
2024-10-31 22:37:29.450 [info] > git for-each-ref --format=%(refname)%00%(upstream:short)%00%(objectname)%00%(upstream:track)%00%(upstream:remotename)%00%(upstream:remoteref) refs/heads/main refs/remotes/main [2ms]
2024-10-31 22:37:29.460 [info] > git for-each-ref --sort -committerdate --format %(refname) %(objectname) %(*objectname) [1ms]
2024-10-31 22:37:29.472 [info] > git status -z -uall [16ms]
2024-10-31 22:38:47.695 [info] > git config --get commit.template [8ms]
2024-10-31 22:38:47.696 [info] > git for-each-ref --format=%(refname)%00%(upstream:short)%00%(objectname)%00%(upstream:track)%00%(upstream:remotename)%00%(upstream:remoteref) refs/heads/main refs/remotes/main [2ms]
2024-10-31 22:38:47.709 [info] > git for-each-ref --sort -committerdate --format %(refname) %(objectname) %(*objectname) [2ms]
2024-10-31 22:38:47.722 [info] > git status -z -uall [20ms]
2024-10-31 22:38:58.429 [info] > git check-ignore -v -z --stdin [4ms]
2024-10-31 22:38:58.429 [info] > git check-ignore -v -z --stdin [1ms]
2024-10-31 22:38:59.169 [info] > git config --get commit.template [1ms]
2024-10-31 22:38:59.173 [info] > git for-each-ref --format=%(refname)%00%(upstream:short)%00%(objectname)%00%(upstream:track)%00%(upstream:remotename)%00%(upstream:remoteref) refs/heads/main refs/remotes/main [1ms]
2024-10-31 22:38:59.179 [info] > git for-each-ref --sort -committerdate --format %(refname) %(objectname) %(*objectname) [1ms]
2024-10-31 22:38:59.193 [info] > git status -z -uall [17ms]
2024-10-31 22:39:00.465 [info] > git log --format=%H%n%aN%n%aE%n%at%n%ct%n%P%n%D%n%B -z --shortstat --diff-merges=first-parent -n50 --skip=0 --topo-order --decorate=full --stdin [2627ms]
2024-10-31 22:39:01.020 [info] > git check-ignore -v -z --stdin [5ms]
2024-10-31 22:39:02.027 [info] > git check-ignore -v -z --stdin [3ms]
2024-10-31 22:39:10.940 [info] > git config --get commit.template [7ms]
2024-10-31 22:39:10.942 [info] > git for-each-ref --format=%(refname)%00%(upstream:short)%00%(objectname)%00%(upstream:track)%00%(upstream:remotename)%00%(upstream:remoteref) refs/heads/main refs/remotes/main [3ms]
2024-10-31 22:39:10.956 [info] > git for-each-ref --sort -committerdate --format %(refname) %(objectname) %(*objectname) [2ms]
2024-10-31 22:39:10.969 [info] > git status -z -uall [23ms]
2024-10-31 22:39:19.108 [info] > git config --get commit.template [8ms]
2024-10-31 22:39:19.110 [info] > git for-each-ref --format=%(refname)%00%(upstream:short)%00%(objectname)%00%(upstream:track)%00%(upstream:remotename)%00%(upstream:remoteref) refs/heads/main refs/remotes/main [2ms]
2024-10-31 22:39:19.123 [info] > git for-each-ref --sort -committerdate --format %(refname) %(objectname) %(*objectname) [1ms]
2024-10-31 22:39:19.138 [info] > git status -z -uall [19ms]
2024-10-31 22:39:46.212 [info] > git config --get commit.template [7ms]
2024-10-31 22:39:46.214 [info] > git for-each-ref --format=%(refname)%00%(upstream:short)%00%(objectname)%00%(upstream:track)%00%(upstream:remotename)%00%(upstream:remoteref) refs/heads/main refs/remotes/main [2ms]
2024-10-31 22:39:46.226 [info] > git for-each-ref --sort -committerdate --format %(refname) %(objectname) %(*objectname) [2ms]
2024-10-31 22:39:46.243 [info] > git status -z -uall [21ms]
2024-10-31 22:39:51.262 [info] > git config --get commit.template [7ms]
2024-10-31 22:39:51.266 [info] > git for-each-ref --format=%(refname)%00%(upstream:short)%00%(objectname)%00%(upstream:track)%00%(upstream:remotename)%00%(upstream:remoteref) refs/heads/main refs/remotes/main [3ms]
2024-10-31 22:39:51.276 [info] > git for-each-ref --sort -committerdate --format %(refname) %(objectname) %(*objectname) [1ms]
2024-10-31 22:39:51.292 [info] > git status -z -uall [20ms]
2024-10-31 22:39:56.311 [info] > git config --get commit.template [7ms]
2024-10-31 22:39:56.311 [info] > git for-each-ref --format=%(refname)%00%(upstream:short)%00%(objectname)%00%(upstream:track)%00%(upstream:remotename)%00%(upstream:remoteref) refs/heads/main refs/remotes/main [1ms]
2024-10-31 22:39:56.326 [info] > git for-each-ref --sort -committerdate --format %(refname) %(objectname) %(*objectname) [2ms]
2024-10-31 22:39:56.340 [info] > git status -z -uall [20ms]
2024-10-31 22:40:10.506 [info] > git config --get commit.template [8ms]
2024-10-31 22:40:10.508 [info] > git for-each-ref --format=%(refname)%00%(upstream:short)%00%(objectname)%00%(upstream:track)%00%(upstream:remotename)%00%(upstream:remoteref) refs/heads/main refs/remotes/main [2ms]
2024-10-31 22:40:10.523 [info] > git for-each-ref --sort -committerdate --format %(refname) %(objectname) %(*objectname) [2ms]
2024-10-31 22:40:10.537 [info] > git status -z -uall [20ms]
2024-10-31 22:40:18.983 [info] > git config --get commit.template [7ms]
2024-10-31 22:40:18.984 [info] > git for-each-ref --format=%(refname)%00%(upstream:short)%00%(objectname)%00%(upstream:track)%00%(upstream:remotename)%00%(upstream:remoteref) refs/heads/main refs/remotes/main [2ms]
2024-10-31 22:40:18.997 [info] > git for-each-ref --sort -committerdate --format %(refname) %(objectname) %(*objectname) [2ms]
2024-10-31 22:40:19.012 [info] > git status -z -uall [20ms]
2024-10-31 22:40:27.837 [info] > git config --get commit.template [10ms]
2024-10-31 22:40:27.840 [info] > git for-each-ref --format=%(refname)%00%(upstream:short)%00%(objectname)%00%(upstream:track)%00%(upstream:remotename)%00%(upstream:remoteref) refs/heads/main refs/remotes/main [4ms]
2024-10-31 22:40:27.850 [info] > git for-each-ref --sort -committerdate --format %(refname) %(objectname) %(*objectname) [3ms]
2024-10-31 22:40:27.863 [info] > git status -z -uall [19ms]
2024-10-31 22:40:32.889 [info] > git config --get commit.template [5ms]
2024-10-31 22:40:32.890 [info] > git for-each-ref --format=%(refname)%00%(upstream:short)%00%(objectname)%00%(upstream:track)%00%(upstream:remotename)%00%(upstream:remoteref) refs/heads/main refs/remotes/main [1ms]
2024-10-31 22:40:32.902 [info] > git for-each-ref --sort -committerdate --format %(refname) %(objectname) %(*objectname) [3ms]
2024-10-31 22:40:32.912 [info] > git status -z -uall [19ms]
2024-10-31 22:40:41.663 [info] > git config --get commit.template [1ms]
2024-10-31 22:40:41.670 [info] > git for-each-ref --format=%(refname)%00%(upstream:short)%00%(objectname)%00%(upstream:track)%00%(upstream:remotename)%00%(upstream:remoteref) refs/heads/main refs/remotes/main [2ms]
2024-10-31 22:40:41.683 [info] > git for-each-ref --sort -committerdate --format %(refname) %(objectname) %(*objectname) [1ms]
2024-10-31 22:40:41.696 [info] > git status -z -uall [17ms]
2024-10-31 22:40:56.445 [info] > git config --get commit.template [11ms]
2024-10-31 22:40:56.446 [info] > git for-each-ref --format=%(refname)%00%(upstream:short)%00%(objectname)%00%(upstream:track)%00%(upstream:remotename)%00%(upstream:remoteref) refs/heads/main refs/remotes/main [3ms]
2024-10-31 22:40:56.461 [info] > git for-each-ref --sort -committerdate --format %(refname) %(objectname) %(*objectname) [1ms]
2024-10-31 22:40:56.469 [info] > git status -z -uall [15ms]
2024-10-31 22:41:04.223 [info] > git config --get commit.template [11ms]
2024-10-31 22:41:04.224 [info] > git for-each-ref --format=%(refname)%00%(upstream:short)%00%(objectname)%00%(upstream:track)%00%(upstream:remotename)%00%(upstream:remoteref) refs/heads/main refs/remotes/main [3ms]
2024-10-31 22:41:04.239 [info] > git for-each-ref --sort -committerdate --format %(refname) %(objectname) %(*objectname) [1ms]
2024-10-31 22:41:04.254 [info] > git status -z -uall [23ms]
2024-10-31 22:41:11.810 [info] > git config --get commit.template [6ms]
2024-10-31 22:41:11.811 [info] > git for-each-ref --format=%(refname)%00%(upstream:short)%00%(objectname)%00%(upstream:track)%00%(upstream:remotename)%00%(upstream:remoteref) refs/heads/main refs/remotes/main [2ms]
2024-10-31 22:41:11.825 [info] > git for-each-ref --sort -committerdate --format %(refname) %(objectname) %(*objectname) [2ms]
2024-10-31 22:41:11.839 [info] > git status -z -uall [20ms]
2024-10-31 22:41:53.467 [info] > git config --get commit.template [8ms]
2024-10-31 22:41:53.470 [info] > git for-each-ref --format=%(refname)%00%(upstream:short)%00%(objectname)%00%(upstream:track)%00%(upstream:remotename)%00%(upstream:remoteref) refs/heads/main refs/remotes/main [4ms]
2024-10-31 22:41:53.483 [info] > git for-each-ref --sort -committerdate --format %(refname) %(objectname) %(*objectname) [1ms]
2024-10-31 22:41:53.502 [info] > git status -z -uall [24ms]
2024-10-31 22:42:24.049 [info] > git config --get commit.template [7ms]
2024-10-31 22:42:24.050 [info] > git for-each-ref --format=%(refname)%00%(upstream:short)%00%(objectname)%00%(upstream:track)%00%(upstream:remotename)%00%(upstream:remoteref) refs/heads/main refs/remotes/main [1ms]
2024-10-31 22:42:24.064 [info] > git for-each-ref --sort -committerdate --format %(refname) %(objectname) %(*objectname) [2ms]
2024-10-31 22:42:24.081 [info] > git status -z -uall [22ms]
2024-10-31 22:42:35.084 [info] > git config --get commit.template [7ms]
2024-10-31 22:42:35.085 [info] > git for-each-ref --format=%(refname)%00%(upstream:short)%00%(objectname)%00%(upstream:track)%00%(upstream:remotename)%00%(upstream:remoteref) refs/heads/main refs/remotes/main [2ms]
2024-10-31 22:42:35.098 [info] > git for-each-ref --sort -committerdate --format %(refname) %(objectname) %(*objectname) [1ms]
2024-10-31 22:42:35.111 [info] > git status -z -uall [19ms]
2024-10-31 22:42:56.986 [info] > git config --get commit.template [3ms]
2024-10-31 22:42:56.987 [info] > git for-each-ref --format=%(refname)%00%(upstream:short)%00%(objectname)%00%(upstream:track)%00%(upstream:remotename)%00%(upstream:remoteref) refs/heads/main refs/remotes/main [1ms]
2024-10-31 22:42:56.993 [info] > git for-each-ref --sort -committerdate --format %(refname) %(objectname) %(*objectname) [1ms]
2024-10-31 22:42:57.002 [info] > git status -z -uall [13ms]
